[2024-01-28T16:13:16.675+0000] {taskinstance.py:1956} INFO - Dependencies all met for dep_context=non-requeueable deps ti=<TaskInstance: fetch_stackoverflow_data.load_data_to_aws_s3 scheduled__2023-03-06T00:00:00+00:00 [queued]>
[2024-01-28T16:13:16.696+0000] {taskinstance.py:1956} INFO - Dependencies all met for dep_context=requeueable deps ti=<TaskInstance: fetch_stackoverflow_data.load_data_to_aws_s3 scheduled__2023-03-06T00:00:00+00:00 [queued]>
[2024-01-28T16:13:16.698+0000] {taskinstance.py:2170} INFO - Starting attempt 3 of 6
[2024-01-28T16:13:16.736+0000] {taskinstance.py:2191} INFO - Executing <Task(PythonOperator): load_data_to_aws_s3> on 2023-03-06 00:00:00+00:00
[2024-01-28T16:13:16.745+0000] {standard_task_runner.py:60} INFO - Started process 3927 to run task
[2024-01-28T16:13:16.752+0000] {standard_task_runner.py:87} INFO - Running: ['***', 'tasks', 'run', 'fetch_stackoverflow_data', 'load_data_to_aws_s3', 'scheduled__2023-03-06T00:00:00+00:00', '--job-id', '1441', '--raw', '--subdir', 'DAGS_FOLDER/loading_data_to_aws_S3.py', '--cfg-path', '/tmp/tmpatzflh1f']
[2024-01-28T16:13:16.760+0000] {standard_task_runner.py:88} INFO - Job 1441: Subtask load_data_to_aws_s3
[2024-01-28T16:13:16.893+0000] {task_command.py:423} INFO - Running <TaskInstance: fetch_stackoverflow_data.load_data_to_aws_s3 scheduled__2023-03-06T00:00:00+00:00 [running]> on host 9924936b75b5
[2024-01-28T16:13:17.126+0000] {taskinstance.py:2480} INFO - Exporting env vars: AIRFLOW_CTX_DAG_OWNER='charlotte' AIRFLOW_CTX_DAG_ID='fetch_stackoverflow_data' AIRFLOW_CTX_TASK_ID='load_data_to_aws_s3' AIRFLOW_CTX_EXECUTION_DATE='2023-03-06T00:00:00+00:00' AIRFLOW_CTX_TRY_NUMBER='3' AIRFLOW_CTX_DAG_RUN_ID='scheduled__2023-03-06T00:00:00+00:00'
[2024-01-28T16:13:17.148+0000] {logging_mixin.py:188} INFO - {"columns":["count","name","collectives"],"index":[0,1,2,3,4,5,6,7,8,9,10,11,12,13,14,15,16,17,18,19,20,21,22,23,24,25,26,27,28,29],"data":[[2523703,"javascript",null],[2182082,"python",null],[1914093,"java",null],[1611175,"c#",null],[1463430,"php",[{"tags":["php"],"external_links":[{"type":"support","link":"https:\/\/stackoverflow.com\/contact?topic=15"}],"description":"A collective where developers working with PHP can learn and connect about the open source scripting language.","link":"\/collectives\/php","name":"PHP","slug":"php"}]],[1415063,"android",[{"tags":["android","ios"],"external_links":[{"type":"support","link":"https:\/\/stackoverflow.com\/contact?topic=15"}],"description":"A collective for developers who want to share their knowledge and learn more about mobile development practices and platforms","link":"\/collectives\/mobile-dev","name":"Mobile Development","slug":"mobile-dev"}]],[1185336,"html",null],[1034758,"jquery",null],[804488,"c++",null],[802405,"css",null],[686239,"ios",[{"tags":["android","ios"],"external_links":[{"type":"support","link":"https:\/\/stackoverflow.com\/contact?topic=15"}],"description":"A collective for developers who want to share their knowledge and learn more about mobile development practices and platforms","link":"\/collectives\/mobile-dev","name":"Mobile Development","slug":"mobile-dev"}]],[669148,"sql",null],[662147,"mysql",null],[502953,"r",[{"tags":["tibble","purrr","rlang","data.table","tidyr","stringr","ggplot2","lubridate","r-package","rvest","readr","knitr","dtplyr","r","shiny-server","r-raster","shiny","dplyr","shinydashboard","shinyapps","rstudio","plyr","r-caret","quantmod","zoo","forcats","tidyverse"],"external_links":[{"type":"support","link":"https:\/\/stackoverflow.com\/contact?topic=15"}],"description":"A collective where data scientists and AI researchers gather to find, share, and learn about R and other subtags like knitr and dplyr.","link":"\/collectives\/r-language","name":"R Language","slug":"r-language"}]],[473580,"reactjs",null],[470386,"node.js",null],[416199,"arrays",null],[402658,"c",null],[374390,"asp.net",null],[359603,"json",null],[342665,"python-3.x",null],[337832,"ruby-on-rails",null],[336624,".net",null],[333774,"sql-server",null],[332458,"swift",null],[311007,"django",null],[302730,"angular",null],[292350,"objective-c",null],[285421,"pandas",null],[285010,"excel",null]]}
[2024-01-28T16:13:17.172+0000] {taskinstance.py:2698} ERROR - Task failed with exception
Traceback (most recent call last):
  File "/home/airflow/.local/lib/python3.8/site-packages/airflow/models/taskinstance.py", line 433, in _execute_task
    result = execute_callable(context=context, **execute_callable_kwargs)
  File "/home/airflow/.local/lib/python3.8/site-packages/airflow/operators/python.py", line 199, in execute
    return_value = self.execute_callable()
  File "/home/airflow/.local/lib/python3.8/site-packages/airflow/operators/python.py", line 216, in execute_callable
    return self.python_callable(*self.op_args, **self.op_kwargs)
  File "/opt/airflow/dags/loading_data_to_aws_S3.py", line 26, in load_data_to_aws_s3
    aws_access_key_id = ACCESS_KEY,
NameError: name 'ACCESS_KEY' is not defined
[2024-01-28T16:13:17.187+0000] {taskinstance.py:1138} INFO - Marking task as UP_FOR_RETRY. dag_id=fetch_stackoverflow_data, task_id=load_data_to_aws_s3, execution_date=20230306T000000, start_date=20240128T161316, end_date=20240128T161317
[2024-01-28T16:13:17.208+0000] {standard_task_runner.py:107} ERROR - Failed to execute job 1441 for task load_data_to_aws_s3 (name 'ACCESS_KEY' is not defined; 3927)
[2024-01-28T16:13:17.238+0000] {local_task_job_runner.py:234} INFO - Task exited with return code 1
[2024-01-28T16:13:17.264+0000] {taskinstance.py:3280} INFO - 0 downstream tasks scheduled from follow-on schedule check
