[2024-01-28T14:36:02.145+0000] {taskinstance.py:1956} INFO - Dependencies all met for dep_context=non-requeueable deps ti=<TaskInstance: fetch_stackoverflow_data.load_data_to_aws_s3 scheduled__2023-01-15T00:00:00+00:00 [queued]>
[2024-01-28T14:36:02.332+0000] {taskinstance.py:1956} INFO - Dependencies all met for dep_context=requeueable deps ti=<TaskInstance: fetch_stackoverflow_data.load_data_to_aws_s3 scheduled__2023-01-15T00:00:00+00:00 [queued]>
[2024-01-28T14:36:02.377+0000] {taskinstance.py:2170} INFO - Starting attempt 4 of 6
[2024-01-28T14:36:14.777+0000] {taskinstance.py:2191} INFO - Executing <Task(PythonOperator): load_data_to_aws_s3> on 2023-01-15 00:00:00+00:00
[2024-01-28T14:36:14.911+0000] {standard_task_runner.py:60} INFO - Started process 1293 to run task
[2024-01-28T14:36:15.176+0000] {standard_task_runner.py:87} INFO - Running: ['***', 'tasks', 'run', 'fetch_stackoverflow_data', 'load_data_to_aws_s3', 'scheduled__2023-01-15T00:00:00+00:00', '--job-id', '1065', '--raw', '--subdir', 'DAGS_FOLDER/loading_data_to_aws_S3.py', '--cfg-path', '/tmp/tmpcibn53p_']
[2024-01-28T14:36:15.228+0000] {standard_task_runner.py:88} INFO - Job 1065: Subtask load_data_to_aws_s3
[2024-01-28T14:36:15.826+0000] {task_command.py:423} INFO - Running <TaskInstance: fetch_stackoverflow_data.load_data_to_aws_s3 scheduled__2023-01-15T00:00:00+00:00 [running]> on host 9924936b75b5
[2024-01-28T14:36:16.553+0000] {taskinstance.py:2480} INFO - Exporting env vars: AIRFLOW_CTX_DAG_OWNER='charlotte' AIRFLOW_CTX_DAG_ID='fetch_stackoverflow_data' AIRFLOW_CTX_TASK_ID='load_data_to_aws_s3' AIRFLOW_CTX_EXECUTION_DATE='2023-01-15T00:00:00+00:00' AIRFLOW_CTX_TRY_NUMBER='4' AIRFLOW_CTX_DAG_RUN_ID='scheduled__2023-01-15T00:00:00+00:00'
[2024-01-28T14:36:16.669+0000] {logging_mixin.py:188} INFO - {"columns":["count","name","collectives"],"index":[0,1,2,3,4,5,6,7,8,9,10,11,12,13,14,15,16,17,18,19,20,21,22,23,24,25,26,27,28,29],"data":[[2523677,"javascript",null],[2182036,"python",null],[1914072,"java",null],[1611160,"c#",null],[1463417,"php",[{"tags":["php"],"external_links":[{"type":"support","link":"https:\/\/stackoverflow.com\/contact?topic=15"}],"description":"A collective where developers working with PHP can learn and connect about the open source scripting language.","link":"\/collectives\/php","name":"PHP","slug":"php"}]],[1415054,"android",[{"tags":["android","ios"],"external_links":[{"type":"support","link":"https:\/\/stackoverflow.com\/contact?topic=15"}],"description":"A collective for developers who want to share their knowledge and learn more about mobile development practices and platforms","link":"\/collectives\/mobile-dev","name":"Mobile Development","slug":"mobile-dev"}]],[1185331,"html",null],[1034757,"jquery",null],[804477,"c++",null],[802400,"css",null],[686236,"ios",[{"tags":["android","ios"],"external_links":[{"type":"support","link":"https:\/\/stackoverflow.com\/contact?topic=15"}],"description":"A collective for developers who want to share their knowledge and learn more about mobile development practices and platforms","link":"\/collectives\/mobile-dev","name":"Mobile Development","slug":"mobile-dev"}]],[669147,"sql",null],[662148,"mysql",null],[502950,"r",[{"tags":["tibble","purrr","rlang","data.table","tidyr","stringr","ggplot2","lubridate","r-package","rvest","readr","knitr","dtplyr","r","shiny-server","r-raster","shiny","dplyr","shinydashboard","shinyapps","rstudio","plyr","r-caret","quantmod","zoo","forcats","tidyverse"],"external_links":[{"type":"support","link":"https:\/\/stackoverflow.com\/contact?topic=15"}],"description":"A collective where data scientists and AI researchers gather to find, share, and learn about R and other subtags like knitr and dplyr.","link":"\/collectives\/r-language","name":"R Language","slug":"r-language"}]],[473566,"reactjs",null],[470381,"node.js",null],[416195,"arrays",null],[402654,"c",null],[374391,"asp.net",null],[359599,"json",null],[342657,"python-3.x",null],[337829,"ruby-on-rails",null],[336619,".net",null],[333773,"sql-server",null],[332460,"swift",null],[311002,"django",null],[302728,"angular",null],[292349,"objective-c",null],[285419,"pandas",null],[285009,"excel",null]]}
[2024-01-28T14:36:16.810+0000] {taskinstance.py:2698} ERROR - Task failed with exception
Traceback (most recent call last):
  File "/home/airflow/.local/lib/python3.8/site-packages/airflow/models/taskinstance.py", line 433, in _execute_task
    result = execute_callable(context=context, **execute_callable_kwargs)
  File "/home/airflow/.local/lib/python3.8/site-packages/airflow/operators/python.py", line 199, in execute
    return_value = self.execute_callable()
  File "/home/airflow/.local/lib/python3.8/site-packages/airflow/operators/python.py", line 216, in execute_callable
    return self.python_callable(*self.op_args, **self.op_kwargs)
  File "/opt/airflow/dags/loading_data_to_aws_S3.py", line 26, in load_data_to_aws_s3
    aws_access_key_id = ACCESS_KEY,
NameError: name 'ACCESS_KEY' is not defined
[2024-01-28T14:36:16.890+0000] {taskinstance.py:1138} INFO - Marking task as UP_FOR_RETRY. dag_id=fetch_stackoverflow_data, task_id=load_data_to_aws_s3, execution_date=20230115T000000, start_date=20240128T143602, end_date=20240128T143616
[2024-01-28T14:36:17.092+0000] {standard_task_runner.py:107} ERROR - Failed to execute job 1065 for task load_data_to_aws_s3 (name 'ACCESS_KEY' is not defined; 1293)
[2024-01-28T14:36:17.400+0000] {local_task_job_runner.py:234} INFO - Task exited with return code 1
[2024-01-28T14:36:17.603+0000] {taskinstance.py:3280} INFO - 0 downstream tasks scheduled from follow-on schedule check
