[2024-01-28T11:56:26.673+0000] {taskinstance.py:1956} INFO - Dependencies all met for dep_context=non-requeueable deps ti=<TaskInstance: fetch_stackoverflow_data.load_data_to_aws_s3 scheduled__2022-12-10T00:00:00+00:00 [queued]>
[2024-01-28T11:56:26.721+0000] {taskinstance.py:1956} INFO - Dependencies all met for dep_context=requeueable deps ti=<TaskInstance: fetch_stackoverflow_data.load_data_to_aws_s3 scheduled__2022-12-10T00:00:00+00:00 [queued]>
[2024-01-28T11:56:26.724+0000] {taskinstance.py:2170} INFO - Starting attempt 6 of 6
[2024-01-28T11:56:26.988+0000] {taskinstance.py:2191} INFO - Executing <Task(PythonOperator): load_data_to_aws_s3> on 2022-12-10 00:00:00+00:00
[2024-01-28T11:56:27.004+0000] {standard_task_runner.py:60} INFO - Started process 386 to run task
[2024-01-28T11:56:27.136+0000] {standard_task_runner.py:87} INFO - Running: ['***', 'tasks', 'run', 'fetch_stackoverflow_data', 'load_data_to_aws_s3', 'scheduled__2022-12-10T00:00:00+00:00', '--job-id', '854', '--raw', '--subdir', 'DAGS_FOLDER/loading_data_to_aws_S3.py', '--cfg-path', '/tmp/tmpume5f839']
[2024-01-28T11:56:27.175+0000] {standard_task_runner.py:88} INFO - Job 854: Subtask load_data_to_aws_s3
[2024-01-28T11:56:27.377+0000] {task_command.py:423} INFO - Running <TaskInstance: fetch_stackoverflow_data.load_data_to_aws_s3 scheduled__2022-12-10T00:00:00+00:00 [running]> on host 9924936b75b5
[2024-01-28T11:56:27.806+0000] {taskinstance.py:2480} INFO - Exporting env vars: AIRFLOW_CTX_DAG_OWNER='charlotte' AIRFLOW_CTX_DAG_ID='fetch_stackoverflow_data' AIRFLOW_CTX_TASK_ID='load_data_to_aws_s3' AIRFLOW_CTX_EXECUTION_DATE='2022-12-10T00:00:00+00:00' AIRFLOW_CTX_TRY_NUMBER='6' AIRFLOW_CTX_DAG_RUN_ID='scheduled__2022-12-10T00:00:00+00:00'
[2024-01-28T11:56:27.891+0000] {logging_mixin.py:188} INFO - {"columns":["count","name","collectives"],"index":[0,1,2,3,4,5,6,7,8,9,10,11,12,13,14,15,16,17,18,19,20,21,22,23,24,25,26,27,28,29],"data":[[2523404,"javascript",null],[2181569,"python",null],[1913907,"java",null],[1610961,"c#",null],[1463347,"php",[{"tags":["php"],"external_links":[{"type":"support","link":"https:\/\/stackoverflow.com\/contact?topic=15"}],"description":"A collective where developers working with PHP can learn and connect about the open source scripting language.","link":"\/collectives\/php","name":"PHP","slug":"php"}]],[1415015,"android",[{"tags":["android","ios"],"external_links":[{"type":"support","link":"https:\/\/stackoverflow.com\/contact?topic=15"}],"description":"A collective for developers who want to share their knowledge and learn more about mobile development practices and platforms","link":"\/collectives\/mobile-dev","name":"Mobile Development","slug":"mobile-dev"}]],[1185265,"html",null],[1034758,"jquery",null],[804321,"c++",null],[802319,"css",null],[686173,"ios",[{"tags":["android","ios"],"external_links":[{"type":"support","link":"https:\/\/stackoverflow.com\/contact?topic=15"}],"description":"A collective for developers who want to share their knowledge and learn more about mobile development practices and platforms","link":"\/collectives\/mobile-dev","name":"Mobile Development","slug":"mobile-dev"}]],[669065,"sql",null],[662137,"mysql",null],[502773,"r",[{"tags":["knitr","shiny","quantmod","plyr","r-package","zoo","readr","shiny-server","dplyr","tibble","rlang","stringr","forcats","lubridate","shinyapps","r-raster","rvest","dtplyr","shinydashboard","data.table","ggplot2","r","purrr","rstudio","r-caret","tidyr","tidyverse"],"external_links":[{"type":"support","link":"https:\/\/stackoverflow.com\/contact?topic=15"}],"description":"A collective where data scientists and AI researchers gather to find, share, and learn about R and other subtags like knitr and dplyr.","link":"\/collectives\/r-language","name":"R Language","slug":"r-language"}]],[473476,"reactjs",null],[470336,"node.js",null],[416161,"arrays",null],[402578,"c",null],[374385,"asp.net",null],[359559,"json",null],[342646,"python-3.x",null],[337827,"ruby-on-rails",null],[336533,".net",null],[333702,"sql-server",null],[332374,"swift",null],[311009,"django",null],[302677,"angular",null],[292355,"objective-c",null],[285354,"pandas",null],[284904,"excel",null]]}
[2024-01-28T11:56:27.944+0000] {taskinstance.py:2698} ERROR - Task failed with exception
Traceback (most recent call last):
  File "/home/airflow/.local/lib/python3.8/site-packages/airflow/models/taskinstance.py", line 433, in _execute_task
    result = execute_callable(context=context, **execute_callable_kwargs)
  File "/home/airflow/.local/lib/python3.8/site-packages/airflow/operators/python.py", line 199, in execute
    return_value = self.execute_callable()
  File "/home/airflow/.local/lib/python3.8/site-packages/airflow/operators/python.py", line 216, in execute_callable
    return self.python_callable(*self.op_args, **self.op_kwargs)
  File "/opt/airflow/dags/loading_data_to_aws_S3.py", line 26, in load_data_to_aws_s3
    aws_access_key_id = ACCESS_KEY,
NameError: name 'ACCESS_KEY' is not defined
[2024-01-28T11:56:28.055+0000] {taskinstance.py:1138} INFO - Marking task as FAILED. dag_id=fetch_stackoverflow_data, task_id=load_data_to_aws_s3, execution_date=20221210T000000, start_date=20240128T115626, end_date=20240128T115628
[2024-01-28T11:56:28.096+0000] {standard_task_runner.py:107} ERROR - Failed to execute job 854 for task load_data_to_aws_s3 (name 'ACCESS_KEY' is not defined; 386)
[2024-01-28T11:56:28.216+0000] {local_task_job_runner.py:234} INFO - Task exited with return code 1
[2024-01-28T11:56:28.295+0000] {taskinstance.py:3280} INFO - 0 downstream tasks scheduled from follow-on schedule check
